Design settings used: peptide_3stage_multimer_allowcys
Filtering designs based on peptide_filters
Starting trajectory: CDCP1_CTD_l10_s257899
/home/amin_sagar/.local/lib/python3.10/site-packages/jax/_src/xla_bridge.py:133: UserWarning: TPU backend initialization is taking more than 60.0 seconds. Did you run your code on all TPU hosts? See https://jax.readthedocs.io/en/latest/multi_process.html for more information.
  warnings.warn(
Traceback (most recent call last):
  File "/home/amin_sagar/.local/lib/python3.10/site-packages/jax/_src/xla_bridge.py", line 896, in backends
    backend = _init_backend(platform)
  File "/home/amin_sagar/.local/lib/python3.10/site-packages/jax/_src/xla_bridge.py", line 982, in _init_backend
    backend = registration.factory()
  File "/home/amin_sagar/.local/lib/python3.10/site-packages/jax/_src/xla_bridge.py", line 144, in tpu_client_timer_callback
    client = xla_client.make_tpu_client(
  File "/home/amin_sagar/.local/lib/python3.10/site-packages/jaxlib/xla_client.py", line 212, in make_tpu_client
    return make_tfrt_tpu_c_api_client(options)
  File "/home/amin_sagar/.local/lib/python3.10/site-packages/jaxlib/xla_client.py", line 134, in make_tfrt_tpu_c_api_client
    return _xla.get_c_api_client('tpu', options)
jaxlib.xla_extension.XlaRuntimeError: UNKNOWN: TPU initialization failed: Session barrier id PRE_START_SESSION_BARRIER is not ready

During handling of the above exception, another exception occurred:

Traceback (most recent call last):
  File "/home/amin_sagar/softwares/BindCraft/bindcraft.py", line 109, in <module>
    trajectory = binder_hallucination(design_name, target_settings["starting_pdb"], target_settings["chains"],
  File "/home/amin_sagar/softwares/BindCraft/functions/colabdesign_utils.py", line 25, in binder_hallucination
    clear_mem()
  File "/home/amin_sagar/miniforge3/envs/BindCraft/lib/python3.10/site-packages/colabdesign/shared/utils.py", line 9, in clear_mem
    backend = jax.lib.xla_bridge.get_backend()
  File "/home/amin_sagar/.local/lib/python3.10/site-packages/jax/_src/xla_bridge.py", line 1028, in get_backend
    return _get_backend_uncached(platform)
  File "/home/amin_sagar/.local/lib/python3.10/site-packages/jax/_src/xla_bridge.py", line 1007, in _get_backend_uncached
    bs = backends()
  File "/home/amin_sagar/.local/lib/python3.10/site-packages/jax/_src/xla_bridge.py", line 912, in backends
    raise RuntimeError(err_msg)
RuntimeError: Unable to initialize backend 'tpu': UNKNOWN: TPU initialization failed: Session barrier id PRE_START_SESSION_BARRIER is not ready (set JAX_PLATFORMS='' to automatically choose an available backend)
